build/app/intermediates/manifest_merge_blame_file/debug/manifest-merger-blame-debug-report.txt
1<?xml version="1.0" encoding="utf-8"?>
2<manifest xmlns:android="http://schemas.android.com/apk/res/android"
3    package="com.shiftapp"
4    android:versionCode="1"
5    android:versionName="1.0.0" >
6
7    <uses-sdk
8        android:minSdkVersion="21"
9        android:targetSdkVersion="31" />
10    <!--
11         Flutter needs it to communicate with the running application
12         to allow setting breakpoints, to provide hot reload, etc.
13    -->
14    <uses-permission android:name="android.permission.INTERNET" />
14-->src\debug\AndroidManifest.xml:6:5-66
14-->src\debug\AndroidManifest.xml:6:22-64
15    <uses-permission android:name="android.permission.ACCESS_FINE_LOCATION" />
15-->src\main\AndroidManifest.xml:5:5-79
15-->src\main\AndroidManifest.xml:5:22-76
16    <uses-permission android:name="android.permission.ACCESS_COARSE_LOCATION" />
16-->src\main\AndroidManifest.xml:6:5-81
16-->src\main\AndroidManifest.xml:6:22-78
17    <uses-permission android:name="android.permission.ACCESS_BACKGROUND_LOCATION" />
17-->src\main\AndroidManifest.xml:7:5-85
17-->src\main\AndroidManifest.xml:7:22-82
18    <uses-permission android:name="android.permission.WAKE_LOCK" />
18-->[:firebase_messaging] AndroidManifest.xml:8:5-68
18-->[:firebase_messaging] AndroidManifest.xml:8:22-65
19    <uses-permission android:name="android.permission.ACCESS_NETWORK_STATE" />
19-->[:firebase_messaging] AndroidManifest.xml:9:5-79
19-->[:firebase_messaging] AndroidManifest.xml:9:22-76
20    <uses-permission android:name="android.permission.RECEIVE_BOOT_COMPLETED" />
20-->[:flutter_local_notifications] AndroidManifest.xml:7:5-81
20-->[:flutter_local_notifications] AndroidManifest.xml:7:22-78
21    <uses-permission android:name="android.permission.VIBRATE" />
21-->[:flutter_local_notifications] AndroidManifest.xml:8:5-66
21-->[:flutter_local_notifications] AndroidManifest.xml:8:22-63
22    <uses-permission android:name="android.permission.USE_FULL_SCREEN_INTENT" />
22-->[:flutter_local_notifications] AndroidManifest.xml:9:5-81
22-->[:flutter_local_notifications] AndroidManifest.xml:9:22-78
23    <uses-permission android:name="android.permission.SCHEDULE_EXACT_ALARM" /> <!-- Required by older versions of Google Play services to create IID tokens -->
23-->[:flutter_local_notifications] AndroidManifest.xml:10:5-79
23-->[:flutter_local_notifications] AndroidManifest.xml:10:22-76
24    <uses-permission android:name="com.google.android.c2dm.permission.RECEIVE" />
24-->[com.google.firebase:firebase-messaging:22.0.0] AndroidManifest.xml:25:5-82
24-->[com.google.firebase:firebase-messaging:22.0.0] AndroidManifest.xml:25:22-79
25
26    <uses-feature
26-->[com.google.android.gms:play-services-maps:17.0.0] AndroidManifest.xml:26:5-28:35
27        android:glEsVersion="0x00020000"
27-->[com.google.android.gms:play-services-maps:17.0.0] AndroidManifest.xml:27:9-41
28        android:required="true" />
28-->[com.google.android.gms:play-services-maps:17.0.0] AndroidManifest.xml:28:9-32
29
30    <application
30-->src\main\AndroidManifest.xml:8:4-53:19
31        android:appComponentFactory="androidx.core.app.CoreComponentFactory"
31-->[androidx.core:core:1.5.0-rc01] AndroidManifest.xml:24:18-86
32        android:debuggable="true"
33        android:icon="@mipmap/ic_launcher"
33-->src\main\AndroidManifest.xml:10:9-43
34        android:label="shiftapp" >
34-->src\main\AndroidManifest.xml:9:9-33
35        <activity
35-->src\main\AndroidManifest.xml:11:9-31:20
36            android:name="com.shiftapp.MainActivity"
36-->src\main\AndroidManifest.xml:12:13-41
37            android:configChanges="orientation|keyboardHidden|keyboard|screenSize|smallestScreenSize|locale|layoutDirection|fontScale|screenLayout|density|uiMode"
37-->src\main\AndroidManifest.xml:15:13-163
38            android:hardwareAccelerated="true"
38-->src\main\AndroidManifest.xml:16:13-47
39            android:launchMode="singleTop"
39-->src\main\AndroidManifest.xml:13:13-43
40            android:theme="@style/LaunchTheme"
40-->src\main\AndroidManifest.xml:14:13-47
41            android:windowSoftInputMode="adjustResize" >
41-->src\main\AndroidManifest.xml:17:13-55
42
43            <!--
44                 Specifies an Android theme to apply to this Activity as soon as
45                 the Android process has started. This theme is visible to the user
46                 while the Flutter UI initializes. After that, this theme continues
47                 to determine the Window background behind the Flutter UI.
48            -->
49
50            <meta-data
50-->src\main\AndroidManifest.xml:23:13-26:17
51                android:name="io.flutter.embedding.android.NormalTheme"
51-->src\main\AndroidManifest.xml:24:15-70
52                android:resource="@style/NormalTheme" />
52-->src\main\AndroidManifest.xml:25:15-52
53
54            <intent-filter>
54-->src\main\AndroidManifest.xml:27:13-30:29
55                <action android:name="android.intent.action.MAIN" />
55-->src\main\AndroidManifest.xml:28:17-68
55-->src\main\AndroidManifest.xml:28:25-66
56
57                <category android:name="android.intent.category.LAUNCHER" />
57-->src\main\AndroidManifest.xml:29:17-76
57-->src\main\AndroidManifest.xml:29:27-74
58            </intent-filter>
59        </activity>
60        <!--
61             Don't delete the meta-data below.
62             This is used by the Flutter tool to generate GeneratedPluginRegistrant.java
63        -->
64        <meta-data
64-->src\main\AndroidManifest.xml:34:9-36:33
65            android:name="flutterEmbedding"
65-->src\main\AndroidManifest.xml:35:13-44
66            android:value="2" />
66-->src\main\AndroidManifest.xml:36:13-30
67        <meta-data
67-->src\main\AndroidManifest.xml:38:8-39:69
68            android:name="com.google.android.geo.API_KEY"
68-->src\main\AndroidManifest.xml:38:19-64
69            android:value="AIzaSyBLJT-I4XT5RLlsxUOc_P1LoUlfov9nW6Q" />
69-->src\main\AndroidManifest.xml:39:12-67
70        <meta-data
70-->src\main\AndroidManifest.xml:42:8-44:54
71            android:name="com.google.firebase.messaging.default_notification_color"
71-->src\main\AndroidManifest.xml:43:12-83
72            android:resource="@android:color/white" />
72-->src\main\AndroidManifest.xml:44:12-51
73        <meta-data
73-->src\main\AndroidManifest.xml:46:8-48:43
74            android:name="com.google.firebase.messaging.default_notification_channel_id"
74-->src\main\AndroidManifest.xml:47:12-88
75            android:value="sidq_channel" />
75-->src\main\AndroidManifest.xml:48:12-40
76        <meta-data
76-->src\main\AndroidManifest.xml:49:8-51:36
77            android:name="firebase_messaging_auto_init_enabled"
77-->src\main\AndroidManifest.xml:50:12-63
78            android:value="false" />
78-->src\main\AndroidManifest.xml:51:12-33
79
80        <provider
80-->[:image_picker] AndroidManifest.xml:8:9-16:20
81            android:name="io.flutter.plugins.imagepicker.ImagePickerFileProvider"
81-->[:image_picker] AndroidManifest.xml:9:13-82
82            android:authorities="com.shiftapp.flutter.image_provider"
82-->[:image_picker] AndroidManifest.xml:10:13-74
83            android:exported="false"
83-->[:image_picker] AndroidManifest.xml:11:13-37
84            android:grantUriPermissions="true" >
84-->[:image_picker] AndroidManifest.xml:12:13-47
85            <meta-data
85-->[:image_picker] AndroidManifest.xml:13:13-15:75
86                android:name="android.support.FILE_PROVIDER_PATHS"
86-->[:image_picker] AndroidManifest.xml:14:17-67
87                android:resource="@xml/flutter_image_picker_file_paths" />
87-->[:image_picker] AndroidManifest.xml:15:17-72
88        </provider>
89
90        <service
90-->[:firebase_messaging] AndroidManifest.xml:12:9-15:72
91            android:name="io.flutter.plugins.firebase.messaging.FlutterFirebaseMessagingBackgroundService"
91-->[:firebase_messaging] AndroidManifest.xml:13:13-107
92            android:exported="false"
92-->[:firebase_messaging] AndroidManifest.xml:14:13-37
93            android:permission="android.permission.BIND_JOB_SERVICE" />
93-->[:firebase_messaging] AndroidManifest.xml:15:13-69
94        <service
94-->[:firebase_messaging] AndroidManifest.xml:16:9-22:19
95            android:name="io.flutter.plugins.firebase.messaging.FlutterFirebaseMessagingService"
95-->[:firebase_messaging] AndroidManifest.xml:17:13-97
96            android:exported="false" >
96-->[:firebase_messaging] AndroidManifest.xml:18:13-37
97            <intent-filter>
97-->[:firebase_messaging] AndroidManifest.xml:19:13-21:29
98                <action android:name="com.google.firebase.MESSAGING_EVENT" />
98-->[:firebase_messaging] AndroidManifest.xml:20:17-78
98-->[:firebase_messaging] AndroidManifest.xml:20:25-75
99            </intent-filter>
100        </service>
101
102        <receiver
102-->[:firebase_messaging] AndroidManifest.xml:24:9-31:20
103            android:name="io.flutter.plugins.firebase.messaging.FlutterFirebaseMessagingReceiver"
103-->[:firebase_messaging] AndroidManifest.xml:25:13-98
104            android:exported="true"
104-->[:firebase_messaging] AndroidManifest.xml:26:13-36
105            android:permission="com.google.android.c2dm.permission.SEND" >
105-->[:firebase_messaging] AndroidManifest.xml:27:13-73
106            <intent-filter>
106-->[:firebase_messaging] AndroidManifest.xml:28:13-30:29
107                <action android:name="com.google.android.c2dm.intent.RECEIVE" />
107-->[:firebase_messaging] AndroidManifest.xml:29:17-81
107-->[:firebase_messaging] AndroidManifest.xml:29:25-78
108            </intent-filter>
109        </receiver>
110
111        <service
111-->[:firebase_messaging] AndroidManifest.xml:33:9-37:19
112            android:name="com.google.firebase.components.ComponentDiscoveryService"
112-->[:firebase_messaging] AndroidManifest.xml:33:18-89
113            android:directBootAware="true"
113-->[com.google.firebase:firebase-common:20.0.0] AndroidManifest.xml:35:13-43
114            android:exported="false" >
114-->[com.google.firebase:firebase-messaging:22.0.0] AndroidManifest.xml:51:13-37
115            <meta-data
115-->[:firebase_messaging] AndroidManifest.xml:34:13-36:85
116                android:name="com.google.firebase.components:io.flutter.plugins.firebase.messaging.FlutterFirebaseAppRegistrar"
116-->[:firebase_messaging] AndroidManifest.xml:35:17-128
117                android:value="com.google.firebase.components.ComponentRegistrar" />
117-->[:firebase_messaging] AndroidManifest.xml:36:17-82
118            <meta-data
118-->[:firebase_core] AndroidManifest.xml:9:13-11:85
119                android:name="com.google.firebase.components:io.flutter.plugins.firebase.core.FlutterFirebaseCoreRegistrar"
119-->[:firebase_core] AndroidManifest.xml:10:17-124
120                android:value="com.google.firebase.components.ComponentRegistrar" />
120-->[:firebase_core] AndroidManifest.xml:11:17-82
121            <meta-data
121-->[com.google.firebase:firebase-messaging:22.0.0] AndroidManifest.xml:52:13-54:85
122                android:name="com.google.firebase.components:com.google.firebase.messaging.FirebaseMessagingRegistrar"
122-->[com.google.firebase:firebase-messaging:22.0.0] AndroidManifest.xml:53:17-119
123                android:value="com.google.firebase.components.ComponentRegistrar" />
123-->[com.google.firebase:firebase-messaging:22.0.0] AndroidManifest.xml:54:17-82
124            <meta-data
124-->[com.google.firebase:firebase-datatransport:18.0.0] AndroidManifest.xml:28:13-30:85
125                android:name="com.google.firebase.components:com.google.firebase.datatransport.TransportRegistrar"
125-->[com.google.firebase:firebase-datatransport:18.0.0] AndroidManifest.xml:29:17-115
126                android:value="com.google.firebase.components.ComponentRegistrar" />
126-->[com.google.firebase:firebase-datatransport:18.0.0] AndroidManifest.xml:30:17-82
127            <meta-data
127-->[com.google.firebase:firebase-installations:17.0.0] AndroidManifest.xml:18:13-20:85
128                android:name="com.google.firebase.components:com.google.firebase.installations.FirebaseInstallationsRegistrar"
128-->[com.google.firebase:firebase-installations:17.0.0] AndroidManifest.xml:19:17-127
129                android:value="com.google.firebase.components.ComponentRegistrar" />
129-->[com.google.firebase:firebase-installations:17.0.0] AndroidManifest.xml:20:17-82
130        </service>
131
132        <provider
132-->[:firebase_messaging] AndroidManifest.xml:39:9-43:38
133            android:name="io.flutter.plugins.firebase.messaging.FlutterFirebaseMessagingInitProvider"
133-->[:firebase_messaging] AndroidManifest.xml:40:13-102
134            android:authorities="com.shiftapp.flutterfirebasemessaginginitprovider"
134-->[:firebase_messaging] AndroidManifest.xml:41:13-88
135            android:exported="false"
135-->[:firebase_messaging] AndroidManifest.xml:42:13-37
136            android:initOrder="99" />
136-->[:firebase_messaging] AndroidManifest.xml:43:13-35
137
138        <activity
138-->[:url_launcher] AndroidManifest.xml:8:9-11:74
139            android:name="io.flutter.plugins.urllauncher.WebViewActivity"
139-->[:url_launcher] AndroidManifest.xml:9:13-74
140            android:exported="false"
140-->[:url_launcher] AndroidManifest.xml:10:13-37
141            android:theme="@android:style/Theme.NoTitleBar.Fullscreen" />
141-->[:url_launcher] AndroidManifest.xml:11:13-71
142
143        <receiver
143-->[:flutter_local_notifications] AndroidManifest.xml:13:9-15:40
144            android:name="com.dexterous.flutterlocalnotifications.ScheduledNotificationReceiver"
144-->[:flutter_local_notifications] AndroidManifest.xml:14:13-97
145            android:exported="false" />
145-->[:flutter_local_notifications] AndroidManifest.xml:15:13-37
146        <receiver
146-->[:flutter_local_notifications] AndroidManifest.xml:16:9-25:20
147            android:name="com.dexterous.flutterlocalnotifications.ScheduledNotificationBootReceiver"
147-->[:flutter_local_notifications] AndroidManifest.xml:17:13-101
148            android:exported="false" >
148-->[:flutter_local_notifications] AndroidManifest.xml:18:13-37
149            <intent-filter>
149-->[:flutter_local_notifications] AndroidManifest.xml:19:13-24:29
150                <action android:name="android.intent.action.BOOT_COMPLETED" />
150-->[:flutter_local_notifications] AndroidManifest.xml:20:17-79
150-->[:flutter_local_notifications] AndroidManifest.xml:20:25-76
151                <action android:name="android.intent.action.MY_PACKAGE_REPLACED" />
151-->[:flutter_local_notifications] AndroidManifest.xml:21:17-84
151-->[:flutter_local_notifications] AndroidManifest.xml:21:25-81
152                <action android:name="android.intent.action.QUICKBOOT_POWERON" />
152-->[:flutter_local_notifications] AndroidManifest.xml:22:17-82
152-->[:flutter_local_notifications] AndroidManifest.xml:22:25-79
153                <action android:name="com.htc.intent.action.QUICKBOOT_POWERON" />
153-->[:flutter_local_notifications] AndroidManifest.xml:23:17-82
153-->[:flutter_local_notifications] AndroidManifest.xml:23:25-79
154            </intent-filter>
155        </receiver>
156        <receiver
156-->[com.google.firebase:firebase-messaging:22.0.0] AndroidManifest.xml:28:9-35:20
157            android:name="com.google.firebase.iid.FirebaseInstanceIdReceiver"
157-->[com.google.firebase:firebase-messaging:22.0.0] AndroidManifest.xml:29:13-78
158            android:exported="true"
158-->[com.google.firebase:firebase-messaging:22.0.0] AndroidManifest.xml:30:13-36
159            android:permission="com.google.android.c2dm.permission.SEND" >
159-->[com.google.firebase:firebase-messaging:22.0.0] AndroidManifest.xml:31:13-73
160            <intent-filter>
160-->[:firebase_messaging] AndroidManifest.xml:28:13-30:29
161                <action android:name="com.google.android.c2dm.intent.RECEIVE" />
161-->[:firebase_messaging] AndroidManifest.xml:29:17-81
161-->[:firebase_messaging] AndroidManifest.xml:29:25-78
162            </intent-filter>
163        </receiver>
164        <!--
165             FirebaseMessagingService performs security checks at runtime,
166             but set to not exported to explicitly avoid allowing another app to call it.
167        -->
168        <service
168-->[com.google.firebase:firebase-messaging:22.0.0] AndroidManifest.xml:41:9-48:19
169            android:name="com.google.firebase.messaging.FirebaseMessagingService"
169-->[com.google.firebase:firebase-messaging:22.0.0] AndroidManifest.xml:42:13-82
170            android:directBootAware="true"
170-->[com.google.firebase:firebase-messaging:22.0.0] AndroidManifest.xml:43:13-43
171            android:exported="false" >
171-->[com.google.firebase:firebase-messaging:22.0.0] AndroidManifest.xml:44:13-37
172            <intent-filter android:priority="-500" >
172-->[:firebase_messaging] AndroidManifest.xml:19:13-21:29
173                <action android:name="com.google.firebase.MESSAGING_EVENT" />
173-->[:firebase_messaging] AndroidManifest.xml:20:17-78
173-->[:firebase_messaging] AndroidManifest.xml:20:25-75
174            </intent-filter>
175        </service> <!-- Needs to be explicitly declared on P+ -->
176        <uses-library
176-->[com.google.android.gms:play-services-maps:17.0.0] AndroidManifest.xml:33:9-35:40
177            android:name="org.apache.http.legacy"
177-->[com.google.android.gms:play-services-maps:17.0.0] AndroidManifest.xml:34:13-50
178            android:required="false" />
178-->[com.google.android.gms:play-services-maps:17.0.0] AndroidManifest.xml:35:13-37
179
180        <activity
180-->[com.google.android.gms:play-services-base:17.0.0] AndroidManifest.xml:23:9-26:75
181            android:name="com.google.android.gms.common.api.GoogleApiActivity"
181-->[com.google.android.gms:play-services-base:17.0.0] AndroidManifest.xml:24:13-79
182            android:exported="false"
182-->[com.google.android.gms:play-services-base:17.0.0] AndroidManifest.xml:25:13-37
183            android:theme="@android:style/Theme.Translucent.NoTitleBar" />
183-->[com.google.android.gms:play-services-base:17.0.0] AndroidManifest.xml:26:13-72
184
185        <provider
185-->[com.google.firebase:firebase-common:20.0.0] AndroidManifest.xml:26:9-31:39
186            android:name="com.google.firebase.provider.FirebaseInitProvider"
186-->[com.google.firebase:firebase-common:20.0.0] AndroidManifest.xml:27:13-77
187            android:authorities="com.shiftapp.firebaseinitprovider"
187-->[com.google.firebase:firebase-common:20.0.0] AndroidManifest.xml:28:13-72
188            android:directBootAware="true"
188-->[com.google.firebase:firebase-common:20.0.0] AndroidManifest.xml:29:13-43
189            android:exported="false"
189-->[com.google.firebase:firebase-common:20.0.0] AndroidManifest.xml:30:13-37
190            android:initOrder="100" />
190-->[com.google.firebase:firebase-common:20.0.0] AndroidManifest.xml:31:13-36
191
192        <meta-data
192-->[com.google.android.gms:play-services-basement:17.0.0] AndroidManifest.xml:23:9-25:69
193            android:name="com.google.android.gms.version"
193-->[com.google.android.gms:play-services-basement:17.0.0] AndroidManifest.xml:24:13-58
194            android:value="@integer/google_play_services_version" />
194-->[com.google.android.gms:play-services-basement:17.0.0] AndroidManifest.xml:25:13-66
195
196        <service
196-->[com.google.android.datatransport:transport-backend-cct:3.0.0] AndroidManifest.xml:29:9-35:19
197            android:name="com.google.android.datatransport.runtime.backends.TransportBackendDiscovery"
197-->[com.google.android.datatransport:transport-backend-cct:3.0.0] AndroidManifest.xml:30:13-103
198            android:exported="false" >
198-->[com.google.android.datatransport:transport-backend-cct:3.0.0] AndroidManifest.xml:31:13-37
199            <meta-data
199-->[com.google.android.datatransport:transport-backend-cct:3.0.0] AndroidManifest.xml:32:13-34:39
200                android:name="backend:com.google.android.datatransport.cct.CctBackendFactory"
200-->[com.google.android.datatransport:transport-backend-cct:3.0.0] AndroidManifest.xml:33:17-94
201                android:value="cct" />
201-->[com.google.android.datatransport:transport-backend-cct:3.0.0] AndroidManifest.xml:34:17-36
202        </service>
203        <service
203-->[com.google.android.datatransport:transport-runtime:3.0.0] AndroidManifest.xml:26:9-30:19
204            android:name="com.google.android.datatransport.runtime.scheduling.jobscheduling.JobInfoSchedulerService"
204-->[com.google.android.datatransport:transport-runtime:3.0.0] AndroidManifest.xml:27:13-117
205            android:exported="false"
205-->[com.google.android.datatransport:transport-runtime:3.0.0] AndroidManifest.xml:28:13-37
206            android:permission="android.permission.BIND_JOB_SERVICE" >
206-->[com.google.android.datatransport:transport-runtime:3.0.0] AndroidManifest.xml:29:13-69
207        </service>
208
209        <receiver
209-->[com.google.android.datatransport:transport-runtime:3.0.0] AndroidManifest.xml:32:9-34:40
210            android:name="com.google.android.datatransport.runtime.scheduling.jobscheduling.AlarmManagerSchedulerBroadcastReceiver"
210-->[com.google.android.datatransport:transport-runtime:3.0.0] AndroidManifest.xml:33:13-132
211            android:exported="false" />
211-->[com.google.android.datatransport:transport-runtime:3.0.0] AndroidManifest.xml:34:13-37
212    </application>
213
214</manifest>